<?xml version="1.0" encoding="UTF-8"?>
<!-- Generated by org.testng.reporters.JUnitReportReporter -->
<testsuite hostname="DESKTOP-5A260Q6" failures="0" tests="7" name="tests.TC_009ValidateBookAHotel" time="62.328" errors="0" timestamp="2025-04-29T11:14:21 IST" skipped="0">
  <testcase classname="tests.TC_009ValidateBookAHotel" name="BookingHotelsTest" time="8.921"/>
  <testcase classname="tests.TC_009ValidateBookAHotel" name="BookingHotelsTest" time="8.868"/>
  <testcase classname="tests.TC_009ValidateBookAHotel" name="BookingHotelsTest" time="8.932"/>
  <testcase classname="tests.TC_009ValidateBookAHotel" name="BookingHotelsTest" time="8.800"/>
  <testcase classname="tests.TC_009ValidateBookAHotel" name="BookingHotelsTest" time="8.952"/>
  <testcase classname="tests.TC_009ValidateBookAHotel" name="BookingHotelsTest" time="8.877"/>
  <testcase classname="tests.TC_009ValidateBookAHotel" name="BookingHotelsTest" time="8.978"/>
</testsuite> <!-- tests.TC_009ValidateBookAHotel -->
