<?xml version="1.0" encoding="UTF-8"?>
<!-- Generated by org.testng.reporters.JUnitReportReporter -->
<testsuite hostname="DESKTOP-5A260Q6" failures="0" tests="5" name="tests.TC_002InvalidRegisterData" time="164.633" errors="0" timestamp="2025-04-29T11:14:21 IST" skipped="0">
  <testcase classname="tests.TC_002InvalidRegisterData" name="ValidRegisterTest" time="32.984"/>
  <testcase classname="tests.TC_002InvalidRegisterData" name="ValidRegisterTest" time="32.997"/>
  <testcase classname="tests.TC_002InvalidRegisterData" name="ValidRegisterTest" time="33.012"/>
  <testcase classname="tests.TC_002InvalidRegisterData" name="ValidRegisterTest" time="32.927"/>
  <testcase classname="tests.TC_002InvalidRegisterData" name="ValidRegisterTest" time="32.713"/>
</testsuite> <!-- tests.TC_002InvalidRegisterData -->
