<?xml version="1.0" encoding="UTF-8"?>
<!-- Generated by org.testng.reporters.JUnitReportReporter -->
<testsuite hostname="DESKTOP-5A260Q6" failures="0" tests="1" name="tests.TC_008ChangePasswordTest" time="3.673" errors="0" timestamp="2025-04-29T11:14:21 IST" skipped="0">
  <testcase classname="tests.TC_008ChangePasswordTest" name="ChangePassword" time="3.673"/>
</testsuite> <!-- tests.TC_008ChangePasswordTest -->
