<?xml version="1.0" encoding="UTF-8"?>
<!-- Generated by org.testng.reporters.JUnitReportReporter -->
<testsuite hostname="DESKTOP-5A260Q6" failures="0" tests="4" name="tests.TC_004ValidateInvalidLoginData" time="9.668" errors="0" timestamp="2025-04-29T11:14:21 IST" skipped="0">
  <testcase classname="tests.TC_004ValidateInvalidLoginData" name="ValidateInvalidLogin" time="2.066"/>
  <testcase classname="tests.TC_004ValidateInvalidLoginData" name="ValidateInvalidLogin" time="2.036"/>
  <testcase classname="tests.TC_004ValidateInvalidLoginData" name="ValidateInvalidLogin" time="2.926"/>
  <testcase classname="tests.TC_004ValidateInvalidLoginData" name="ValidateInvalidLogin" time="2.640"/>
</testsuite> <!-- tests.TC_004ValidateInvalidLoginData -->
