<?xml version="1.0" encoding="UTF-8"?>
<!-- Generated by org.testng.reporters.JUnitReportReporter -->
<testsuite hostname="DESKTOP-5A260Q6" failures="0" tests="1" name="tests.TC_001RegisterTest" time="57.520" errors="0" timestamp="2025-04-29T11:14:21 IST" skipped="0">
  <testcase classname="tests.TC_001RegisterTest" name="ValidRegisterTest" time="57.520"/>
</testsuite> <!-- tests.TC_001RegisterTest -->
